#
# There is insufficient memory for the Java Runtime Environment to continue.
# Native memory allocation (malloc) failed to allocate 32744 bytes for ChunkPool::allocate
# Possible reasons:
#   The system is out of physical RAM or swap space
#   In 32 bit mode, the process size limit was hit
# Possible solutions:
#   Reduce memory load on the system
#   Increase physical memory or swap space
#   Check if swap backing store is full
#   Use 64 bit Java on a 64 bit OS
#   Decrease Java heap size (-Xmx/-Xms)
#   Decrease number of Java threads
#   Decrease Java thread stack sizes (-Xss)
#   Set larger code cache with -XX:ReservedCodeCacheSize=
# This output file may be truncated or incomplete.
#
#  Out of Memory Error (allocation.cpp:273), pid=13016, tid=0x0000000000001c40
#
# JRE version: Java(TM) SE Runtime Environment (8.0_111-b14) (build 1.8.0_111-b14)
# Java VM: Java HotSpot(TM) 64-Bit Server VM (25.111-b14 mixed mode windows-amd64 compressed oops)
# Failed to write core dump. Minidumps are not enabled by default on client versions of Windows
#

---------------  T H R E A D  ---------------

Current thread (0x0000000014c47000):  JavaThread "C1 CompilerThread2" daemon [_thread_in_native, id=7232, stack(0x00000000164a0000,0x00000000165a0000)]

Stack: [0x00000000164a0000,0x00000000165a0000]
[error occurred during error reporting (printing stack bounds), id 0xc0000005]

Native frames: (J=compiled Java code, j=interpreted, Vv=VM code, C=native code)


Current CompileTask:
C1:  16684 2425   !   3      
[error occurred during error reporting (printing current compile task), id 0xe0000001]


---------------  P R O C E S S  ---------------

Java Threads: ( => current thread )
  0x000000001714c000 JavaThread "Image Fetcher 1" daemon [_thread_blocked, id=7712, stack(0x000000001b7b0000,0x000000001b8b0000)]
  0x000000001714e000 JavaThread "Thread-2" daemon [_thread_in_native, id=6872, stack(0x000000001b6b0000,0x000000001b7b0000)]
  0x00000000166c3000 JavaThread "Image Fetcher 0" daemon [_thread_blocked, id=4960, stack(0x000000001a980000,0x000000001aa80000)]
  0x0000000016f80800 JavaThread "Abandoned connection cleanup thread" daemon [_thread_blocked, id=1204, stack(0x0000000018070000,0x0000000018170000)]
  0x000000001747a800 JavaThread "TimerQueue" daemon [_thread_in_Java, id=3096, stack(0x000000001a480000,0x000000001a580000)]
  0x0000000002850800 JavaThread "DestroyJavaVM" [_thread_blocked, id=13004, stack(0x0000000002710000,0x0000000002810000)]
  0x0000000016d68800 JavaThread "AWT-EventQueue-0" [_thread_in_native, id=6472, stack(0x0000000017d70000,0x0000000017e70000)]
  0x0000000016986000 JavaThread "AWT-Windows" daemon [_thread_in_native, id=7244, stack(0x00000000176e0000,0x00000000177e0000)]
  0x0000000016983800 JavaThread "AWT-Shutdown" [_thread_blocked, id=7800, stack(0x00000000175e0000,0x00000000176e0000)]
  0x0000000016982800 JavaThread "Java2D Disposer" daemon [_thread_blocked, id=7748, stack(0x00000000174e0000,0x00000000175e0000)]
  0x00000000165ce000 JavaThread "Service Thread" daemon [_thread_blocked, id=2584, stack(0x00000000169a0000,0x0000000016aa0000)]
=>0x0000000014c47000 JavaThread "C1 CompilerThread2" daemon [_thread_in_native, id=7232, stack(0x00000000164a0000,0x00000000165a0000)]
  0x0000000014c42800 JavaThread "C2 CompilerThread1" daemon [_thread_in_native, id=7308, stack(0x00000000163a0000,0x00000000164a0000)]
  0x0000000014c3c800 JavaThread "C2 CompilerThread0" daemon [_thread_in_native, id=4548, stack(0x00000000162a0000,0x00000000163a0000)]
  0x0000000014c3b000 JavaThread "Attach Listener" daemon [_thread_blocked, id=4652, stack(0x00000000161a0000,0x00000000162a0000)]
  0x0000000014c3a800 JavaThread "Signal Dispatcher" daemon [_thread_blocked, id=6556, stack(0x00000000160a0000,0x00000000161a0000)]
  0x0000000014c2a800 JavaThread "Finalizer" daemon [_thread_blocked, id=2516, stack(0x0000000015ea0000,0x0000000015fa0000)]
  0x0000000014c09000 JavaThread "Reference Handler" daemon [_thread_blocked, id=5572, stack(0x0000000015da0000,0x0000000015ea0000)]

Other Threads:
  0x0000000014c07800 VMThread [stack: 0x0000000015ca0000,0x0000000015da0000] [id=6180]
  0x00000000165fc000 WatcherThread [stack: 0x0000000016aa0000,0x0000000016ba0000] [id=2432]

VM state:not at safepoint (normal execution)

VM Mutex/Monitor currently owned by a thread: None

Heap:
 PSYoungGen      total 206848K, used 138225K [0x00000000ece00000, 0x00000000fa300000, 0x0000000100000000)
  eden space 196096K, 70% used [0x00000000ece00000,0x00000000f54d46b8,0x00000000f8d80000)
  from space 10752K, 1% used [0x00000000f8d80000,0x00000000f8da8000,0x00000000f9800000)
  to   space 10240K, 0% used [0x00000000f9800000,0x00000000f9800000,0x00000000fa200000)
 ParOldGen       total 39936K, used 19148K [0x00000000c6a00000, 0x00000000c9100000, 0x00000000ece00000)
  object space 39936K, 47% used [0x00000000c6a00000,0x00000000c7cb32b8,0x00000000c9100000)
 Metaspace       used 20667K, capacity 20826K, committed 21120K, reserved 1067008K
  class space    used 2621K, capacity 2681K, committed 2688K, reserved 1048576K

Card table byte_map: [0x0000000011d10000,0x0000000011ee0000] byte_map_base: 0x00000000116db000

Marking Bits: (ParMarkBitMap*) 0x000000005cd2a6c0
 Begin Bits: [0x0000000012420000, 0x0000000013278000)
 End Bits:   [0x0000000013278000, 0x00000000140d0000)

Polling page: 0x0000000000e70000

CodeCache: size=245760Kb used=6957Kb max_used=8104Kb free=238802Kb
 bounds [0x0000000002950000, 0x0000000003150000, 0x0000000011950000]
 total_blobs=2718 nmethods=2092 adapters=537
 compilation: enabled

Compilation events (10 events):
Event: 16.652 Thread 0x0000000014c47000 nmethod 2420 0x0000000002e350d0 code [0x0000000002e35280, 0x0000000002e35ae8]
Event: 16.653 Thread 0x0000000014c47000 2422       3       javax.swing.DefaultButtonModel::isRollover (16 bytes)
Event: 16.653 Thread 0x0000000014c47000 nmethod 2422 0x0000000002e3bbd0 code [0x0000000002e3bd20, 0x0000000002e3bed0]
Event: 16.653 Thread 0x0000000014c3c800 nmethod 2421 0x0000000002ad6790 code [0x0000000002ad6900, 0x0000000002ad6a98]
Event: 16.666 Thread 0x0000000014c47000 2423       3       java.awt.GridBagLayout::lookupConstraints (39 bytes)
Event: 16.667 Thread 0x0000000014c47000 nmethod 2423 0x0000000002f9ea90 code [0x0000000002f9ec60, 0x0000000002f9f3d8]
Event: 16.669 Thread 0x0000000014c3c800 2424       4       java.lang.Math::max (11 bytes)
Event: 16.670 Thread 0x0000000014c3c800 nmethod 2424 0x0000000002e27990 code [0x0000000002e27ac0, 0x0000000002e27b18]
Event: 16.670 Thread 0x0000000014c47000 2425   !   3       javax.swing.text.FieldView::getPreferredSpan (156 bytes)
Event: 16.672 Thread 0x0000000014c3c800 2430       4       javax.swing.JLabel::setText (107 bytes)

GC Heap History (10 events):
Event: 12.115 GC heap before
{Heap before GC invocations=7 (full 0):
 PSYoungGen      total 70656K, used 63486K [0x00000000ece00000, 0x00000000f1d00000, 0x0000000100000000)
  eden space 61440K, 100% used [0x00000000ece00000,0x00000000f0a00000,0x00000000f0a00000)
  from space 9216K, 22% used [0x00000000f1400000,0x00000000f15ff8f0,0x00000000f1d00000)
  to   space 9728K, 0% used [0x00000000f0a00000,0x00000000f0a00000,0x00000000f1380000)
 ParOldGen       total 39936K, used 11231K [0x00000000c6a00000, 0x00000000c9100000, 0x00000000ece00000)
  object space 39936K, 28% used [0x00000000c6a00000,0x00000000c74f7d80,0x00000000c9100000)
 Metaspace       used 18260K, capacity 18436K, committed 18688K, reserved 1064960K
  class space    used 2218K, capacity 2286K, committed 2304K, reserved 1048576K
Event: 12.119 GC heap after
Heap after GC invocations=7 (full 0):
 PSYoungGen      total 71168K, used 302K [0x00000000ece00000, 0x00000000f5900000, 0x0000000100000000)
  eden space 61440K, 0% used [0x00000000ece00000,0x00000000ece00000,0x00000000f0a00000)
  from space 9728K, 3% used [0x00000000f0a00000,0x00000000f0a4b8a0,0x00000000f1380000)
  to   space 9728K, 0% used [0x00000000f4f80000,0x00000000f4f80000,0x00000000f5900000)
 ParOldGen       total 39936K, used 13043K [0x00000000c6a00000, 0x00000000c9100000, 0x00000000ece00000)
  object space 39936K, 32% used [0x00000000c6a00000,0x00000000c76bcca8,0x00000000c9100000)
 Metaspace       used 18260K, capacity 18436K, committed 18688K, reserved 1064960K
  class space    used 2218K, capacity 2286K, committed 2304K, reserved 1048576K
}
Event: 12.401 GC heap before
{Heap before GC invocations=8 (full 0):
 PSYoungGen      total 71168K, used 61742K [0x00000000ece00000, 0x00000000f5900000, 0x0000000100000000)
  eden space 61440K, 100% used [0x00000000ece00000,0x00000000f0a00000,0x00000000f0a00000)
  from space 9728K, 3% used [0x00000000f0a00000,0x00000000f0a4b8a0,0x00000000f1380000)
  to   space 9728K, 0% used [0x00000000f4f80000,0x00000000f4f80000,0x00000000f5900000)
 ParOldGen       total 39936K, used 13043K [0x00000000c6a00000, 0x00000000c9100000, 0x00000000ece00000)
  object space 39936K, 32% used [0x00000000c6a00000,0x00000000c76bcca8,0x00000000c9100000)
 Metaspace       used 18261K, capacity 18500K, committed 18688K, reserved 1064960K
  class space    used 2218K, capacity 2286K, committed 2304K, reserved 1048576K
Event: 12.401 GC heap after
Heap after GC invocations=8 (full 0):
 PSYoungGen      total 132608K, used 238K [0x00000000ece00000, 0x00000000f5900000, 0x0000000100000000)
  eden space 122880K, 0% used [0x00000000ece00000,0x00000000ece00000,0x00000000f4600000)
  from space 9728K, 2% used [0x00000000f4f80000,0x00000000f4fbb8a0,0x00000000f5900000)
  to   space 9728K, 0% used [0x00000000f4600000,0x00000000f4600000,0x00000000f4f80000)
 ParOldGen       total 39936K, used 13067K [0x00000000c6a00000, 0x00000000c9100000, 0x00000000ece00000)
  object space 39936K, 32% used [0x00000000c6a00000,0x00000000c76c2ca8,0x00000000c9100000)
 Metaspace       used 18261K, capacity 18500K, committed 18688K, reserved 1064960K
  class space    used 2218K, capacity 2286K, committed 2304K, reserved 1048576K
}
Event: 13.320 GC heap before
{Heap before GC invocations=9 (full 0):
 PSYoungGen      total 132608K, used 123118K [0x00000000ece00000, 0x00000000f5900000, 0x0000000100000000)
  eden space 122880K, 100% used [0x00000000ece00000,0x00000000f4600000,0x00000000f4600000)
  from space 9728K, 2% used [0x00000000f4f80000,0x00000000f4fbb8a0,0x00000000f5900000)
  to   space 9728K, 0% used [0x00000000f4600000,0x00000000f4600000,0x00000000f4f80000)
 ParOldGen       total 39936K, used 13067K [0x00000000c6a00000, 0x00000000c9100000, 0x00000000ece00000)
  object space 39936K, 32% used [0x00000000c6a00000,0x00000000c76c2ca8,0x00000000c9100000)
 Metaspace       used 19022K, capacity 19226K, committed 19584K, reserved 1067008K
  class space    used 2359K, capacity 2425K, committed 2432K, reserved 1048576K
Event: 13.325 GC heap after
Heap after GC invocations=9 (full 0):
 PSYoungGen      total 132608K, used 6134K [0x00000000ece00000, 0x00000000fa200000, 0x0000000100000000)
  eden space 122880K, 0% used [0x00000000ece00000,0x00000000ece00000,0x00000000f4600000)
  from space 9728K, 63% used [0x00000000f4600000,0x00000000f4bfdbb0,0x00000000f4f80000)
  to   space 10240K, 0% used [0x00000000f9800000,0x00000000f9800000,0x00000000fa200000)
 ParOldGen       total 39936K, used 13169K [0x00000000c6a00000, 0x00000000c9100000, 0x00000000ece00000)
  object space 39936K, 32% used [0x00000000c6a00000,0x00000000c76dc548,0x00000000c9100000)
 Metaspace       used 19022K, capacity 19226K, committed 19584K, reserved 1067008K
  class space    used 2359K, capacity 2425K, committed 2432K, reserved 1048576K
}
Event: 13.986 GC heap before
{Heap before GC invocations=10 (full 0):
 PSYoungGen      total 132608K, used 129014K [0x00000000ece00000, 0x00000000fa200000, 0x0000000100000000)
  eden space 122880K, 100% used [0x00000000ece00000,0x00000000f4600000,0x00000000f4600000)
  from space 9728K, 63% used [0x00000000f4600000,0x00000000f4bfdbb0,0x00000000f4f80000)
  to   space 10240K, 0% used [0x00000000f9800000,0x00000000f9800000,0x00000000fa200000)
 ParOldGen       total 39936K, used 13169K [0x00000000c6a00000, 0x00000000c9100000, 0x00000000ece00000)
  object space 39936K, 32% used [0x00000000c6a00000,0x00000000c76dc548,0x00000000c9100000)
 Metaspace       used 19050K, capacity 19226K, committed 19584K, reserved 1067008K
  class space    used 2359K, capacity 2425K, committed 2432K, reserved 1048576K
Event: 13.989 GC heap after
Heap after GC invocations=10 (full 0):
 PSYoungGen      total 206336K, used 6070K [0x00000000ece00000, 0x00000000fa300000, 0x0000000100000000)
  eden space 196096K, 0% used [0x00000000ece00000,0x00000000ece00000,0x00000000f8d80000)
  from space 10240K, 59% used [0x00000000f9800000,0x00000000f9dedb90,0x00000000fa200000)
  to   space 10752K, 0% used [0x00000000f8d80000,0x00000000f8d80000,0x00000000f9800000)
 ParOldGen       total 39936K, used 13193K [0x00000000c6a00000, 0x00000000c9100000, 0x00000000ece00000)
  object space 39936K, 33% used [0x00000000c6a00000,0x00000000c76e2548,0x00000000c9100000)
 Metaspace       used 19050K, capacity 19226K, committed 19584K, reserved 1067008K
  class space    used 2359K, capacity 2425K, committed 2432K, reserved 1048576K
}
Event: 15.430 GC heap before
{Heap before GC invocations=11 (full 0):
 PSYoungGen      total 206336K, used 202166K [0x00000000ece00000, 0x00000000fa300000, 0x0000000100000000)
  eden space 196096K, 100% used [0x00000000ece00000,0x00000000f8d80000,0x00000000f8d80000)
  from space 10240K, 59% used [0x00000000f9800000,0x00000000f9dedb90,0x00000000fa200000)
  to   space 10752K, 0% used [0x00000000f8d80000,0x00000000f8d80000,0x00000000f9800000)
 ParOldGen       total 39936K, used 13193K [0x00000000c6a00000, 0x00000000c9100000, 0x00000000ece00000)
  object space 39936K, 33% used [0x00000000c6a00000,0x00000000c76e2548,0x00000000c9100000)
 Metaspace       used 19223K, capacity 19386K, committed 19712K, reserved 1067008K
  class space    used 2374K, capacity 2457K, committed 2560K, reserved 1048576K
Event: 15.435 GC heap after
Heap after GC invocations=11 (full 0):
 PSYoungGen      total 206848K, used 160K [0x00000000ece00000, 0x00000000fa300000, 0x0000000100000000)
  eden space 196096K, 0% used [0x00000000ece00000,0x00000000ece00000,0x00000000f8d80000)
  from space 10752K, 1% used [0x00000000f8d80000,0x00000000f8da8000,0x00000000f9800000)
  to   space 10240K, 0% used [0x00000000f9800000,0x00000000f9800000,0x00000000fa200000)
 ParOldGen       total 39936K, used 19148K [0x00000000c6a00000, 0x00000000c9100000, 0x00000000ece00000)
  object space 39936K, 47% used [0x00000000c6a00000,0x00000000c7cb32b8,0x00000000c9100000)
 Metaspace       used 19223K, capacity 19386K, committed 19712K, reserved 1067008K
  class space    used 2374K, capacity 2457K, committed 2560K, reserved 1048576K
}

Deoptimization events (10 events):
Event: 13.513 Thread 0x0000000016d68800 Uncommon trap: reason=unstable_if action=reinterpret pc=0x00000000030a60ec method=javax.swing.TimerQueue$DelayedTimer.compareTo(Ljava/util/concurrent/Delayed;)I @ 32
Event: 13.513 Thread 0x0000000016d68800 Uncommon trap: reason=unstable_if action=reinterpret pc=0x000000000309c9c8 method=javax.swing.TimerQueue$DelayedTimer.compareTo(Ljava/util/concurrent/Delayed;)I @ 32
Event: 13.529 Thread 0x0000000016d68800 Uncommon trap: reason=unstable_if action=reinterpret pc=0x0000000002f656ac method=java.util.concurrent.locks.ReentrantLock$Sync.nonfairTryAcquire(I)Z @ 19
Event: 13.749 Thread 0x0000000016d68800 Uncommon trap: reason=class_check action=maybe_recompile pc=0x00000000030b0378 method=javax.swing.Timer.fireActionPerformed(Ljava/awt/event/ActionEvent;)V @ 30
Event: 13.992 Thread 0x0000000016d68800 Uncommon trap: reason=unstable_if action=reinterpret pc=0x0000000002f8fe3c method=java.util.concurrent.locks.ReentrantLock$Sync.nonfairTryAcquire(I)Z @ 19
Event: 14.173 Thread 0x000000001747a800 Uncommon trap: reason=unstable_if action=reinterpret pc=0x00000000031127f8 method=javax.swing.TimerQueue.run()V @ 64
Event: 14.173 Thread 0x0000000016d68800 Uncommon trap: reason=class_check action=maybe_recompile pc=0x00000000030b0378 method=javax.swing.Timer.fireActionPerformed(Ljava/awt/event/ActionEvent;)V @ 30
Event: 14.249 Thread 0x0000000016d68800 Uncommon trap: reason=class_check action=maybe_recompile pc=0x00000000030b0378 method=javax.swing.Timer.fireActionPerformed(Ljava/awt/event/ActionEvent;)V @ 30
Event: 14.749 Thread 0x0000000016d68800 Uncommon trap: reason=class_check action=maybe_recompile pc=0x00000000030c254c method=javax.swing.Timer.fireActionPerformed(Ljava/awt/event/ActionEvent;)V @ 30
Event: 15.783 Thread 0x0000000016d68800 Uncommon trap: reason=unstable_if action=reinterpret pc=0x0000000002efcd08 method=java.security.AccessControlContext.optimize()Ljava/security/AccessControlContext; @ 220

Internal exceptions (10 events):
Event: 0.329 Thread 0x0000000002850800 Exception <a 'java/lang/ClassNotFoundException': ToolBarSeparator> (0x00000000ed15f8f8) thrown at [C:\re\workspace\8-2-build-windows-amd64-cygwin\jdk8u111\7883\hotspot\src\share\vm\classfile\systemDictionary.cpp, line 210]
Event: 0.329 Thread 0x0000000002850800 Exception <a 'java/lang/ClassNotFoundException': ToolTip> (0x00000000ed160038) thrown at [C:\re\workspace\8-2-build-windows-amd64-cygwin\jdk8u111\7883\hotspot\src\share\vm\classfile\systemDictionary.cpp, line 210]
Event: 0.330 Thread 0x0000000002850800 Exception <a 'java/lang/ClassNotFoundException': Tree> (0x00000000ed160c58) thrown at [C:\re\workspace\8-2-build-windows-amd64-cygwin\jdk8u111\7883\hotspot\src\share\vm\classfile\systemDictionary.cpp, line 210]
Event: 0.330 Thread 0x0000000002850800 Exception <a 'java/lang/ClassNotFoundException': Tree> (0x00000000ed161398) thrown at [C:\re\workspace\8-2-build-windows-amd64-cygwin\jdk8u111\7883\hotspot\src\share\vm\classfile\systemDictionary.cpp, line 210]
Event: 0.330 Thread 0x0000000002850800 Exception <a 'java/lang/ClassNotFoundException': javax/swing/JTreeCell> (0x00000000ed161718) thrown at [C:\re\workspace\8-2-build-windows-amd64-cygwin\jdk8u111\7883\hotspot\src\share\vm\classfile\systemDictionary.cpp, line 210]
Event: 0.330 Thread 0x0000000002850800 Exception <a 'java/lang/ClassNotFoundException': TreeCell> (0x00000000ed161ba0) thrown at [C:\re\workspace\8-2-build-windows-amd64-cygwin\jdk8u111\7883\hotspot\src\share\vm\classfile\systemDictionary.cpp, line 210]
Event: 0.331 Thread 0x0000000002850800 Exception <a 'java/lang/ClassNotFoundException': RootPane> (0x00000000ed162600) thrown at [C:\re\workspace\8-2-build-windows-amd64-cygwin\jdk8u111\7883\hotspot\src\share\vm\classfile\systemDictionary.cpp, line 210]
Event: 11.575 Thread 0x00000000166c3000 Implicit null exception at 0x0000000002f2dcb0 to 0x0000000002f2f231
Event: 11.596 Thread 0x00000000166c3000 Implicit null exception at 0x0000000002f1ff9d to 0x0000000002f202dd
Event: 12.599 Thread 0x0000000016d68800 Implicit null exception at 0x0000000002dd7215 to 0x0000000002dd7501

Events (10 events):
Event: 16.656 Executing VM operation: BulkRevokeBias done
Event: 16.664 Executing VM operation: RevokeBias
Event: 16.665 Executing VM operation: RevokeBias done
Event: 16.665 Executing VM operation: BulkRevokeBias
Event: 16.665 Executing VM operation: BulkRevokeBias done
Event: 16.665 Executing VM operation: RevokeBias
Event: 16.665 Executing VM operation: RevokeBias done
Event: 16.667 Thread 0x0000000014c47000 flushing nmethod 0x0000000002a61410
Event: 16.668 loading class javax/swing/plaf/basic/BasicGraphicsUtils
Event: 16.669 loading class javax/swing/plaf/basic/BasicGraphicsUtils done


Dynamic libraries:
0x00007ff6e2220000 - 0x00007ff6e2257000 	C:\Program Files\Java\jdk1.8.0_111\bin\java.exe
0x00007ffe88ab0000 - 0x00007ffe88ca8000 	C:\WINDOWS\SYSTEM32\ntdll.dll
0x00007ffe88910000 - 0x00007ffe889cd000 	C:\WINDOWS\System32\KERNEL32.DLL
0x00007ffe86680000 - 0x00007ffe86976000 	C:\WINDOWS\System32\KERNELBASE.dll
0x00007ffe87aa0000 - 0x00007ffe87b50000 	C:\WINDOWS\System32\ADVAPI32.dll
0x00007ffe88600000 - 0x00007ffe8869e000 	C:\WINDOWS\System32\msvcrt.dll
0x00007ffe86ae0000 - 0x00007ffe86b80000 	C:\WINDOWS\System32\sechost.dll
0x00007ffe86b80000 - 0x00007ffe86ca3000 	C:\WINDOWS\System32\RPCRT4.dll
0x00007ffe861b0000 - 0x00007ffe861d7000 	C:\WINDOWS\System32\bcrypt.dll
0x00007ffe87e50000 - 0x00007ffe87fef000 	C:\WINDOWS\System32\USER32.dll
0x00007ffe86400000 - 0x00007ffe86422000 	C:\WINDOWS\System32\win32u.dll
0x00007ffe86cb0000 - 0x00007ffe86cdb000 	C:\WINDOWS\System32\GDI32.dll
0x00007ffe864c0000 - 0x00007ffe865d7000 	C:\WINDOWS\System32\gdi32full.dll
0x00007ffe865e0000 - 0x00007ffe8667d000 	C:\WINDOWS\System32\msvcp_win.dll
0x00007ffe86300000 - 0x00007ffe86400000 	C:\WINDOWS\System32\ucrtbase.dll
0x00007ffe76220000 - 0x00007ffe764ba000 	C:\WINDOWS\WinSxS\amd64_microsoft.windows.common-controls_6595b64144ccf1df_6.0.19041.3636_none_60b6a03d71f818d5\COMCTL32.dll
0x00007ffe885c0000 - 0x00007ffe885f2000 	C:\WINDOWS\System32\IMM32.DLL
0x000000005c430000 - 0x000000005c502000 	C:\Program Files\Java\jdk1.8.0_111\jre\bin\msvcr100.dll
0x000000005c510000 - 0x000000005cdaa000 	C:\Program Files\Java\jdk1.8.0_111\jre\bin\server\jvm.dll
0x00007ffe88780000 - 0x00007ffe88788000 	C:\WINDOWS\System32\PSAPI.DLL
0x00007ffe819f0000 - 0x00007ffe819f9000 	C:\WINDOWS\SYSTEM32\WSOCK32.dll
0x00007ffe88120000 - 0x00007ffe8818b000 	C:\WINDOWS\System32\WS2_32.dll
0x00007ffe7d9e0000 - 0x00007ffe7da07000 	C:\WINDOWS\SYSTEM32\WINMM.dll
0x00007ffe76210000 - 0x00007ffe7621a000 	C:\WINDOWS\SYSTEM32\VERSION.dll
0x000000005c3e0000 - 0x000000005c3ef000 	C:\Program Files\Java\jdk1.8.0_111\jre\bin\verify.dll
0x000000005c3b0000 - 0x000000005c3d9000 	C:\Program Files\Java\jdk1.8.0_111\jre\bin\java.dll
0x000000005c390000 - 0x000000005c3a6000 	C:\Program Files\Java\jdk1.8.0_111\jre\bin\zip.dll
0x00007ffe86ce0000 - 0x00007ffe8744b000 	C:\WINDOWS\System32\SHELL32.dll
0x00007ffe841f0000 - 0x00007ffe8498e000 	C:\WINDOWS\SYSTEM32\windows.storage.dll
0x00007ffe88200000 - 0x00007ffe88553000 	C:\WINDOWS\System32\combase.dll
0x00007ffe85b90000 - 0x00007ffe85bbe000 	C:\WINDOWS\SYSTEM32\Wldp.dll
0x00007ffe88050000 - 0x00007ffe8811d000 	C:\WINDOWS\System32\OLEAUT32.dll
0x00007ffe87940000 - 0x00007ffe879ed000 	C:\WINDOWS\System32\SHCORE.dll
0x00007ffe88790000 - 0x00007ffe887e5000 	C:\WINDOWS\System32\shlwapi.dll
0x00007ffe86090000 - 0x00007ffe860b3000 	C:\WINDOWS\SYSTEM32\profapi.dll
0x000000005c1b0000 - 0x000000005c348000 	C:\Program Files\Java\jdk1.8.0_111\jre\bin\awt.dll
0x00007ffe837d0000 - 0x00007ffe83860000 	C:\WINDOWS\SYSTEM32\apphelp.dll
0x00007ffe83970000 - 0x00007ffe83a0e000 	C:\WINDOWS\system32\uxtheme.dll
0x00007ffe887f0000 - 0x00007ffe88905000 	C:\WINDOWS\System32\MSCTF.dll
0x00007ffe87d20000 - 0x00007ffe87e4b000 	C:\WINDOWS\System32\ole32.dll
0x00007ffe84060000 - 0x00007ffe84072000 	C:\WINDOWS\SYSTEM32\kernel.appcore.dll
0x00007ffe86430000 - 0x00007ffe864b2000 	C:\WINDOWS\System32\bcryptPrimitives.dll
0x00007ffe83b50000 - 0x00007ffe83b7f000 	C:\WINDOWS\system32\DWMAPI.DLL
0x000000005c160000 - 0x000000005c1a7000 	C:\Program Files\Java\jdk1.8.0_111\jre\bin\fontmanager.dll
0x000000005c370000 - 0x000000005c38a000 	C:\Program Files\Java\jdk1.8.0_111\jre\bin\net.dll
0x00007ffe858f0000 - 0x00007ffe8595a000 	C:\WINDOWS\system32\mswsock.dll
0x000000005c350000 - 0x000000005c361000 	C:\Program Files\Java\jdk1.8.0_111\jre\bin\nio.dll
0x000000005c110000 - 0x000000005c152000 	C:\Program Files\Java\jdk1.8.0_111\jre\bin\t2k.dll
0x00007ffe879f0000 - 0x00007ffe87a99000 	C:\WINDOWS\System32\clbcatq.dll
0x00007ffe7f3e0000 - 0x00007ffe7f594000 	C:\WINDOWS\SYSTEM32\WindowsCodecs.dll
0x00007ffe7a3c0000 - 0x00007ffe7a3fe000 	C:\WINDOWS\system32\dataexchange.dll
0x00007ffe81c70000 - 0x00007ffe81ed3000 	C:\WINDOWS\system32\d3d11.dll
0x00007ffe82bc0000 - 0x00007ffe82da5000 	C:\WINDOWS\system32\dcomp.dll
0x00007ffe849f0000 - 0x00007ffe84ae3000 	C:\WINDOWS\system32\dxgi.dll
0x00007ffe7f900000 - 0x00007ffe7fb03000 	C:\WINDOWS\system32\twinapi.appcore.dll
0x00007ffe7b0a0000 - 0x00007ffe7b199000 	C:\WINDOWS\SYSTEM32\textinputframework.dll
0x00007ffe83130000 - 0x00007ffe8348b000 	C:\WINDOWS\System32\CoreUIComponents.dll
0x00007ffe852c0000 - 0x00007ffe852f3000 	C:\WINDOWS\SYSTEM32\ntmarta.dll
0x00007ffe83490000 - 0x00007ffe83582000 	C:\WINDOWS\System32\CoreMessaging.dll
0x00007ffe82a50000 - 0x00007ffe82ba7000 	C:\WINDOWS\SYSTEM32\wintypes.dll
0x000000005c0d0000 - 0x000000005c0fa000 	C:\Program Files\Java\jdk1.8.0_111\jre\bin\dcpr.dll
0x00007ffe855c0000 - 0x00007ffe8568b000 	C:\WINDOWS\SYSTEM32\DNSAPI.dll
0x00007ffe85580000 - 0x00007ffe855bb000 	C:\WINDOWS\SYSTEM32\IPHLPAPI.DLL
0x00007ffe88a60000 - 0x00007ffe88a68000 	C:\WINDOWS\System32\NSI.dll
0x00007ffe81320000 - 0x00007ffe8132a000 	C:\Windows\System32\rasadhlp.dll
0x00007ffe790f0000 - 0x00007ffe79170000 	C:\WINDOWS\System32\fwpuclnt.dll
0x00007ffe886a0000 - 0x00007ffe8877a000 	C:\WINDOWS\System32\COMDLG32.dll
0x00007ffe719e0000 - 0x00007ffe71a85000 	C:\WINDOWS\SYSTEM32\WINSPOOL.DRV
0x00007ffe817f0000 - 0x00007ffe8182f000 	C:\WINDOWS\System32\netprofm.dll
0x00007ffe7fd00000 - 0x00007ffe7fd10000 	C:\WINDOWS\System32\npmproxy.dll
0x00007ffe7e3f0000 - 0x00007ffe7e407000 	C:\WINDOWS\SYSTEM32\dhcpcsvc6.DLL
0x00007ffe7eb30000 - 0x00007ffe7eb4d000 	C:\WINDOWS\SYSTEM32\dhcpcsvc.DLL
0x00007ffe62210000 - 0x00007ffe625c5000 	C:\WINDOWS\System32\DriverStore\FileRepository\prnms003.inf_amd64_cbd589f4ebd603d9\Amd64\PrintConfig.dll
0x00007ffe86010000 - 0x00007ffe8603e000 	C:\WINDOWS\SYSTEM32\USERENV.dll
0x00007ffe72d90000 - 0x00007ffe72dc2000 	C:\WINDOWS\SYSTEM32\prntvpt.dll
0x00007ffe788b0000 - 0x00007ffe78b0f000 	C:\Windows\System32\msxml6.dll
0x00007ffe794a0000 - 0x00007ffe7968c000 	C:\WINDOWS\SYSTEM32\urlmon.dll
0x00007ffe79910000 - 0x00007ffe79bcc000 	C:\Windows\System32\iertutil.dll
0x00007ffe79470000 - 0x00007ffe79498000 	C:\Windows\System32\srvcli.dll
0x00007ffe85690000 - 0x00007ffe8569c000 	C:\Windows\System32\netutils.dll
0x00007ffe812e0000 - 0x00007ffe812f3000 	C:\Program Files\Microsoft Office\root\VFS\ProgramFilesCommonX64\Microsoft Shared\Office16\MSOXMLMF.DLL
0x00007ffe83fd0000 - 0x00007ffe83fdc000 	C:\Program Files\Microsoft Office\root\VFS\ProgramFilesCommonX64\Microsoft Shared\Office16\VCRUNTIME140_1.dll
0x00007ffe80440000 - 0x00007ffe8045d000 	C:\Program Files\Microsoft Office\root\VFS\ProgramFilesCommonX64\Microsoft Shared\Office16\VCRUNTIME140.dll
0x00007ffe6edb0000 - 0x00007ffe6ee86000 	C:\Windows\System32\jscript.dll
0x00007ffe6e9e0000 - 0x00007ffe6ea61000 	C:\ProgramData\Microsoft\Windows Defender\Platform\4.18.24030.9-0\MpOav.dll
0x00007ffe85f60000 - 0x00007ffe86002000 	C:\WINDOWS\SYSTEM32\sxs.dll
0x00007ffe6cf20000 - 0x00007ffe6cff1000 	C:\WINDOWS\System32\DriverStore\FileRepository\ntprint.inf_amd64_63cc2d05c1eded7c\Amd64\mxdwdrv.dll
0x00007ffe81590000 - 0x00007ffe815c6000 	C:\WINDOWS\SYSTEM32\XmlLite.dll
0x00007ffe7efe0000 - 0x00007ffe7f25f000 	C:\WINDOWS\SYSTEM32\DWrite.dll
0x00007ffe7caf0000 - 0x00007ffe7d2c0000 	C:\Windows\System32\OneCoreUAPCommonProxyStub.dll
0x00007ffe63450000 - 0x00007ffe6366d000 	C:\WINDOWS\SYSTEM32\opcservices.dll
0x00007ffe72360000 - 0x00007ffe723c0000 	C:\WINDOWS\SYSTEM32\XpsPushLayer.dll
0x00007ffe62a10000 - 0x00007ffe62ccc000 	C:\WINDOWS\SYSTEM32\xpsservices.dll
0x00007ffe79f40000 - 0x00007ffe79f63000 	C:\WINDOWS\system32\FontSub.dll

VM Arguments:
jvm_args: -Dfile.encoding=UTF-8 
java_command: clinicapptts.LoginForm
java_class_path (initial): C:\Program Files\NetBeans 8.2\java\modules\ext\AbsoluteLayout.jar;C:\Program Files\NetBeans 8.2\ide\modules\ext\mysql-connector-java-5.1.23-bin.jar;D:\nards\CLONE APP\ClinicApptTS\src\externaljars\rs2xml.jar;D:\nards\lib\jcalendar-1.4.jar;D:\nards\CLONE APP\ClinicApptTS\build\classes
Launcher Type: SUN_STANDARD

Environment Variables:
PATH=C:\ProgramData\Oracle\Java\javapath;C:\WINDOWS\system32;C:\WINDOWS;C:\WINDOWS\System32\Wbem;C:\WINDOWS\System32\WindowsPowerShell\v1.0\;C:\WINDOWS\System32\OpenSSH\;C:\Program Files\Git\cmd;C:\Users\once\AppData\Local\Microsoft\WindowsApps;C:\Users\once\AppData\Local\Programs\Microsoft VS Code\bin
USERNAME=once
OS=Windows_NT
PROCESSOR_IDENTIFIER=Intel64 Family 6 Model 42 Stepping 7, GenuineIntel



---------------  S Y S T E M  ---------------

OS: Windows 10.0 , 64 bit Build 19041 (10.0.19041.3636)

CPU:total 4 (2 cores per cpu, 2 threads per core) family 6 model 42 stepping 7, cmov, cx8, fxsr, mmx, sse, sse2, sse3, ssse3, sse4.1, sse4.2, popcnt, avx, aes, clmul, ht, tsc, tscinvbit

Memory: 4k page, physical 3757944k(306072k free), swap 10944488k(416k free)

vm_info: Java HotSpot(TM) 64-Bit Server VM (25.111-b14) for windows-amd64 JRE (1.8.0_111-b14), built on Sep 22 2016 19:24:05 by "java_re" with MS VC++ 10.0 (VS2010)

time: Wed May 15 13:57:02 2024
elapsed time: 16 seconds (0d 0h 0m 16s)

