#
# There is insufficient memory for the Java Runtime Environment to continue.
# Native memory allocation (malloc) failed to allocate 191216 bytes for Chunk::new
# Possible reasons:
#   The system is out of physical RAM or swap space
#   In 32 bit mode, the process size limit was hit
# Possible solutions:
#   Reduce memory load on the system
#   Increase physical memory or swap space
#   Check if swap backing store is full
#   Use 64 bit Java on a 64 bit OS
#   Decrease Java heap size (-Xmx/-Xms)
#   Decrease number of Java threads
#   Decrease Java thread stack sizes (-Xss)
#   Set larger code cache with -XX:ReservedCodeCacheSize=
# This output file may be truncated or incomplete.
#
#  Out of Memory Error (allocation.cpp:390), pid=10980, tid=0x0000000000000f48
#
# JRE version: Java(TM) SE Runtime Environment (8.0_111-b14) (build 1.8.0_111-b14)
# Java VM: Java HotSpot(TM) 64-Bit Server VM (25.111-b14 mixed mode windows-amd64 compressed oops)
# Failed to write core dump. Minidumps are not enabled by default on client versions of Windows
#

---------------  T H R E A D  ---------------

Current thread (0x000000001489f800):  JavaThread "C2 CompilerThread1" daemon [_thread_in_native, id=3912, stack(0x0000000016000000,0x0000000016100000)]

Stack: [0x0000000016000000,0x0000000016100000]
[error occurred during error reporting (printing stack bounds), id 0xc0000005]

Native frames: (J=compiled Java code, j=interpreted, Vv=VM code, C=native code)


Current CompileTask:
C2:  11875 1789   !   4       sun.awt.PostEventQueue::flush (168 bytes)


---------------  P R O C E S S  ---------------

Java Threads: ( => current thread )
  0x0000000017914000 JavaThread "Image Fetcher 1" daemon [_thread_blocked, id=12960, stack(0x000000001a720000,0x000000001a820000)]
  0x00000000178fa800 JavaThread "Image Fetcher 0" daemon [_thread_blocked, id=9688, stack(0x000000001a620000,0x000000001a720000)]
  0x0000000018dda800 JavaThread "Abandoned connection cleanup thread" daemon [_thread_blocked, id=10328, stack(0x0000000017c40000,0x0000000017d40000)]
  0x00000000174c0000 JavaThread "TimerQueue" daemon [_thread_in_Java, id=12144, stack(0x000000001a110000,0x000000001a210000)]
  0x00000000024b0800 JavaThread "DestroyJavaVM" [_thread_blocked, id=1644, stack(0x00000000023b0000,0x00000000024b0000)]
  0x0000000017191000 JavaThread "AWT-EventQueue-0" [_thread_blocked, id=12300, stack(0x0000000017940000,0x0000000017a40000)]
  0x00000000165f8000 JavaThread "AWT-Windows" daemon [_thread_in_native, id=10864, stack(0x0000000016b40000,0x0000000016c40000)]
  0x00000000165f5000 JavaThread "AWT-Shutdown" [_thread_blocked, id=4460, stack(0x0000000016a40000,0x0000000016b40000)]
  0x00000000165f4800 JavaThread "Java2D Disposer" daemon [_thread_blocked, id=1008, stack(0x0000000016940000,0x0000000016a40000)]
  0x00000000148d7000 JavaThread "Service Thread" daemon [_thread_blocked, id=11260, stack(0x0000000016600000,0x0000000016700000)]
  0x00000000148a8800 JavaThread "C1 CompilerThread2" daemon [_thread_blocked, id=6204, stack(0x0000000016100000,0x0000000016200000)]
=>0x000000001489f800 JavaThread "C2 CompilerThread1" daemon [_thread_in_native, id=3912, stack(0x0000000016000000,0x0000000016100000)]
  0x000000001489c000 JavaThread "C2 CompilerThread0" daemon [_thread_in_native, id=10388, stack(0x0000000015f00000,0x0000000016000000)]
  0x000000001489a800 JavaThread "Attach Listener" daemon [_thread_blocked, id=8176, stack(0x0000000015e00000,0x0000000015f00000)]
  0x0000000014899000 JavaThread "Signal Dispatcher" daemon [_thread_blocked, id=6592, stack(0x0000000015d00000,0x0000000015e00000)]
  0x00000000025aa000 JavaThread "Finalizer" daemon [_thread_blocked, id=3416, stack(0x0000000015b00000,0x0000000015c00000)]
  0x0000000014869000 JavaThread "Reference Handler" daemon [_thread_blocked, id=700, stack(0x0000000015a00000,0x0000000015b00000)]

Other Threads:
  0x0000000014867800 VMThread [stack: 0x0000000015900000,0x0000000015a00000] [id=6108]
  0x00000000148da800 WatcherThread [stack: 0x0000000016700000,0x0000000016800000] [id=12928]

VM state:not at safepoint (normal execution)

VM Mutex/Monitor currently owned by a thread: None

Heap:
 PSYoungGen      total 17408K, used 7509K [0x00000000ece00000, 0x00000000ef000000, 0x0000000100000000)
  eden space 15360K, 35% used [0x00000000ece00000,0x00000000ed35b458,0x00000000edd00000)
  from space 2048K, 98% used [0x00000000edf00000,0x00000000ee0fa260,0x00000000ee100000)
  to   space 2048K, 0% used [0x00000000edd00000,0x00000000edd00000,0x00000000edf00000)
 ParOldGen       total 39936K, used 11908K [0x00000000c6a00000, 0x00000000c9100000, 0x00000000ece00000)
  object space 39936K, 29% used [0x00000000c6a00000,0x00000000c75a10f8,0x00000000c9100000)
 Metaspace       used 18210K, capacity 18452K, committed 18688K, reserved 1064960K
  class space    used 2214K, capacity 2286K, committed 2304K, reserved 1048576K

Card table byte_map: [0x0000000011970000,0x0000000011b40000] byte_map_base: 0x000000001133b000

Marking Bits: (ParMarkBitMap*) 0x000000005cd2a6c0
 Begin Bits: [0x0000000012080000, 0x0000000012ed8000)
 End Bits:   [0x0000000012ed8000, 0x0000000013d30000)

Polling page: 0x00000000022c0000

CodeCache: size=245760Kb used=6088Kb max_used=6091Kb free=239671Kb
 bounds [0x00000000025b0000, 0x0000000002bb0000, 0x00000000115b0000]
 total_blobs=2393 nmethods=1802 adapters=503
 compilation: enabled

Compilation events (10 events):
Event: 11.735 Thread 0x000000001489c000 nmethod 1795 0x0000000002b96dd0 code [0x0000000002b96f20, 0x0000000002b972f8]
Event: 11.735 Thread 0x000000001489c000 1804       4       java.util.Calendar::checkDisplayNameParams (61 bytes)
Event: 11.737 Thread 0x000000001489c000 nmethod 1804 0x0000000002b96990 code [0x0000000002b96ae0, 0x0000000002b96c38]
Event: 11.737 Thread 0x000000001489c000 1805       4       java.util.Calendar::setTimeInMillis (84 bytes)
Event: 11.742 Thread 0x00000000148a8800 1806       3       java.awt.Window::dispatchEventImpl (23 bytes)
Event: 11.743 Thread 0x00000000148a8800 nmethod 1806 0x0000000002b98b90 code [0x0000000002b98d40, 0x0000000002b99498]
Event: 11.743 Thread 0x000000001489c000 nmethod 1805 0x0000000002ba2510 code [0x0000000002ba2680, 0x0000000002ba28a8]
Event: 11.743 Thread 0x000000001489c000 1796       4       java.text.SimpleDateFormat::subFormat (1260 bytes)
Event: 11.847 Thread 0x00000000148a8800 1811       3       sun.awt.windows.WComponentPeer::handleEvent (173 bytes)
Event: 11.848 Thread 0x00000000148a8800 nmethod 1811 0x0000000002ba0d10 code [0x0000000002ba0f40, 0x0000000002ba2228]

GC Heap History (8 events):
Event: 9.537 GC heap before
{Heap before GC invocations=1 (full 0):
 PSYoungGen      total 17408K, used 15348K [0x00000000ece00000, 0x00000000ee100000, 0x0000000100000000)
  eden space 15360K, 99% used [0x00000000ece00000,0x00000000edcfd350,0x00000000edd00000)
  from space 2048K, 0% used [0x00000000edf00000,0x00000000edf00000,0x00000000ee100000)
  to   space 2048K, 0% used [0x00000000edd00000,0x00000000edd00000,0x00000000edf00000)
 ParOldGen       total 39936K, used 0K [0x00000000c6a00000, 0x00000000c9100000, 0x00000000ece00000)
  object space 39936K, 0% used [0x00000000c6a00000,0x00000000c6a00000,0x00000000c9100000)
 Metaspace       used 14370K, capacity 14618K, committed 14720K, reserved 1062912K
  class space    used 1768K, capacity 1863K, committed 1920K, reserved 1048576K
Event: 9.544 GC heap after
Heap after GC invocations=1 (full 0):
 PSYoungGen      total 17408K, used 2018K [0x00000000ece00000, 0x00000000ee100000, 0x0000000100000000)
  eden space 15360K, 0% used [0x00000000ece00000,0x00000000ece00000,0x00000000edd00000)
  from space 2048K, 98% used [0x00000000edd00000,0x00000000edef8980,0x00000000edf00000)
  to   space 2048K, 0% used [0x00000000edf00000,0x00000000edf00000,0x00000000ee100000)
 ParOldGen       total 39936K, used 7298K [0x00000000c6a00000, 0x00000000c9100000, 0x00000000ece00000)
  object space 39936K, 18% used [0x00000000c6a00000,0x00000000c7120928,0x00000000c9100000)
 Metaspace       used 14370K, capacity 14618K, committed 14720K, reserved 1062912K
  class space    used 1768K, capacity 1863K, committed 1920K, reserved 1048576K
}
Event: 11.513 GC heap before
{Heap before GC invocations=2 (full 0):
 PSYoungGen      total 17408K, used 17378K [0x00000000ece00000, 0x00000000ee100000, 0x0000000100000000)
  eden space 15360K, 100% used [0x00000000ece00000,0x00000000edd00000,0x00000000edd00000)
  from space 2048K, 98% used [0x00000000edd00000,0x00000000edef8980,0x00000000edf00000)
  to   space 2048K, 0% used [0x00000000edf00000,0x00000000edf00000,0x00000000ee100000)
 ParOldGen       total 39936K, used 7298K [0x00000000c6a00000, 0x00000000c9100000, 0x00000000ece00000)
  object space 39936K, 18% used [0x00000000c6a00000,0x00000000c7120928,0x00000000c9100000)
 Metaspace       used 18089K, capacity 18324K, committed 18688K, reserved 1064960K
  class space    used 2214K, capacity 2286K, committed 2304K, reserved 1048576K
Event: 11.522 GC heap after
Heap after GC invocations=2 (full 0):
 PSYoungGen      total 17408K, used 2024K [0x00000000ece00000, 0x00000000ee100000, 0x0000000100000000)
  eden space 15360K, 0% used [0x00000000ece00000,0x00000000ece00000,0x00000000edd00000)
  from space 2048K, 98% used [0x00000000edf00000,0x00000000ee0fa260,0x00000000ee100000)
  to   space 2048K, 0% used [0x00000000edd00000,0x00000000edd00000,0x00000000edf00000)
 ParOldGen       total 39936K, used 11851K [0x00000000c6a00000, 0x00000000c9100000, 0x00000000ece00000)
  object space 39936K, 29% used [0x00000000c6a00000,0x00000000c7592ce8,0x00000000c9100000)
 Metaspace       used 18089K, capacity 18324K, committed 18688K, reserved 1064960K
  class space    used 2214K, capacity 2286K, committed 2304K, reserved 1048576K
}
Event: 11.686 GC heap before
{Heap before GC invocations=3 (full 0):
 PSYoungGen      total 17408K, used 17384K [0x00000000ece00000, 0x00000000ee100000, 0x0000000100000000)
  eden space 15360K, 100% used [0x00000000ece00000,0x00000000edd00000,0x00000000edd00000)
  from space 2048K, 98% used [0x00000000edf00000,0x00000000ee0fa260,0x00000000ee100000)
  to   space 2048K, 0% used [0x00000000edd00000,0x00000000edd00000,0x00000000edf00000)
 ParOldGen       total 39936K, used 11851K [0x00000000c6a00000, 0x00000000c9100000, 0x00000000ece00000)
  object space 39936K, 29% used [0x00000000c6a00000,0x00000000c7592ce8,0x00000000c9100000)
 Metaspace       used 18200K, capacity 18388K, committed 18688K, reserved 1064960K
  class space    used 2214K, capacity 2286K, committed 2304K, reserved 1048576K
Event: 11.690 GC heap after
Heap after GC invocations=3 (full 0):
 PSYoungGen      total 17408K, used 2024K [0x00000000ece00000, 0x00000000ee100000, 0x0000000100000000)
  eden space 15360K, 0% used [0x00000000ece00000,0x00000000ece00000,0x00000000edd00000)
  from space 2048K, 98% used [0x00000000edd00000,0x00000000edefa260,0x00000000edf00000)
  to   space 2048K, 0% used [0x00000000edf00000,0x00000000edf00000,0x00000000ee100000)
 ParOldGen       total 39936K, used 11891K [0x00000000c6a00000, 0x00000000c9100000, 0x00000000ece00000)
  object space 39936K, 29% used [0x00000000c6a00000,0x00000000c759cce8,0x00000000c9100000)
 Metaspace       used 18200K, capacity 18388K, committed 18688K, reserved 1064960K
  class space    used 2214K, capacity 2286K, committed 2304K, reserved 1048576K
}
Event: 11.829 GC heap before
{Heap before GC invocations=4 (full 0):
 PSYoungGen      total 17408K, used 17384K [0x00000000ece00000, 0x00000000ee100000, 0x0000000100000000)
  eden space 15360K, 100% used [0x00000000ece00000,0x00000000edd00000,0x00000000edd00000)
  from space 2048K, 98% used [0x00000000edd00000,0x00000000edefa260,0x00000000edf00000)
  to   space 2048K, 0% used [0x00000000edf00000,0x00000000edf00000,0x00000000ee100000)
 ParOldGen       total 39936K, used 11891K [0x00000000c6a00000, 0x00000000c9100000, 0x00000000ece00000)
  object space 39936K, 29% used [0x00000000c6a00000,0x00000000c759cce8,0x00000000c9100000)
 Metaspace       used 18205K, capacity 18388K, committed 18688K, reserved 1064960K
  class space    used 2214K, capacity 2286K, committed 2304K, reserved 1048576K
Event: 11.833 GC heap after
Heap after GC invocations=4 (full 0):
 PSYoungGen      total 17408K, used 2024K [0x00000000ece00000, 0x00000000ef000000, 0x0000000100000000)
  eden space 15360K, 0% used [0x00000000ece00000,0x00000000ece00000,0x00000000edd00000)
  from space 2048K, 98% used [0x00000000edf00000,0x00000000ee0fa260,0x00000000ee100000)
  to   space 2048K, 0% used [0x00000000edd00000,0x00000000edd00000,0x00000000edf00000)
 ParOldGen       total 39936K, used 11908K [0x00000000c6a00000, 0x00000000c9100000, 0x00000000ece00000)
  object space 39936K, 29% used [0x00000000c6a00000,0x00000000c75a10f8,0x00000000c9100000)
 Metaspace       used 18205K, capacity 18388K, committed 18688K, reserved 1064960K
  class space    used 2214K, capacity 2286K, committed 2304K, reserved 1048576K
}

Deoptimization events (10 events):
Event: 1.530 Thread 0x0000000017191000 Uncommon trap: reason=class_check action=maybe_recompile pc=0x000000000271fa5c method=java.lang.String.equals(Ljava/lang/Object;)Z @ 8
Event: 1.530 Thread 0x0000000017191000 Uncommon trap: reason=class_check action=maybe_recompile pc=0x000000000271fa5c method=java.lang.String.equals(Ljava/lang/Object;)Z @ 8
Event: 9.752 Thread 0x0000000017191000 Uncommon trap: reason=unstable_if action=reinterpret pc=0x00000000028f8128 method=java.lang.String.indexOf([CII[CIII)I @ 3
Event: 9.755 Thread 0x0000000017191000 Uncommon trap: reason=bimorphic action=maybe_recompile pc=0x000000000279627c method=java.util.HashMap.putVal(ILjava/lang/Object;Ljava/lang/Object;ZZ)Ljava/lang/Object; @ 152
Event: 9.814 Thread 0x0000000017191000 Uncommon trap: reason=unstable_if action=reinterpret pc=0x00000000027e5bbc method=java.util.HashMap.getNode(ILjava/lang/Object;)Ljava/util/HashMap$Node; @ 84
Event: 9.814 Thread 0x0000000017191000 Uncommon trap: reason=unstable_if action=reinterpret pc=0x0000000002816d14 method=java.util.HashMap.getNode(ILjava/lang/Object;)Ljava/util/HashMap$Node; @ 84
Event: 9.864 Thread 0x0000000017191000 Uncommon trap: reason=unstable_if action=reinterpret pc=0x000000000298e600 method=java.util.HashMap.putVal(ILjava/lang/Object;Ljava/lang/Object;ZZ)Ljava/lang/Object; @ 109
Event: 11.022 Thread 0x0000000017191000 Uncommon trap: reason=unstable_if action=reinterpret pc=0x00000000028dfc98 method=java.awt.Component.inside(II)Z @ 9
Event: 11.445 Thread 0x00000000174c0000 Uncommon trap: reason=unstable_if action=reinterpret pc=0x0000000002aab500 method=javax.swing.Timer.post()V @ 9
Event: 11.502 Thread 0x00000000165f8000 Uncommon trap: reason=unstable_if action=reinterpret pc=0x0000000002aa5c14 method=java.util.concurrent.locks.AbstractQueuedSynchronizer.acquireQueued(Ljava/util/concurrent/locks/AbstractQueuedSynchronizer$Node;I)Z @ 17

Internal exceptions (10 events):
Event: 0.301 Thread 0x00000000024b0800 Exception <a 'java/lang/ClassNotFoundException': ToolBar> (0x00000000ed15ea50) thrown at [C:\re\workspace\8-2-build-windows-amd64-cygwin\jdk8u111\7883\hotspot\src\share\vm\classfile\systemDictionary.cpp, line 210]
Event: 0.301 Thread 0x00000000024b0800 Exception <a 'java/lang/ClassNotFoundException': ToggleButton> (0x00000000ed15f000) thrown at [C:\re\workspace\8-2-build-windows-amd64-cygwin\jdk8u111\7883\hotspot\src\share\vm\classfile\systemDictionary.cpp, line 210]
Event: 0.301 Thread 0x00000000024b0800 Exception <a 'java/lang/ClassNotFoundException': javax/swing/JToolBarSeparator> (0x00000000ed15f460) thrown at [C:\re\workspace\8-2-build-windows-amd64-cygwin\jdk8u111\7883\hotspot\src\share\vm\classfile\systemDictionary.cpp, line 210]
Event: 0.301 Thread 0x00000000024b0800 Exception <a 'java/lang/ClassNotFoundException': ToolBarSeparator> (0x00000000ed15f8f8) thrown at [C:\re\workspace\8-2-build-windows-amd64-cygwin\jdk8u111\7883\hotspot\src\share\vm\classfile\systemDictionary.cpp, line 210]
Event: 0.301 Thread 0x00000000024b0800 Exception <a 'java/lang/ClassNotFoundException': ToolTip> (0x00000000ed160038) thrown at [C:\re\workspace\8-2-build-windows-amd64-cygwin\jdk8u111\7883\hotspot\src\share\vm\classfile\systemDictionary.cpp, line 210]
Event: 0.302 Thread 0x00000000024b0800 Exception <a 'java/lang/ClassNotFoundException': Tree> (0x00000000ed160c58) thrown at [C:\re\workspace\8-2-build-windows-amd64-cygwin\jdk8u111\7883\hotspot\src\share\vm\classfile\systemDictionary.cpp, line 210]
Event: 0.302 Thread 0x00000000024b0800 Exception <a 'java/lang/ClassNotFoundException': Tree> (0x00000000ed161398) thrown at [C:\re\workspace\8-2-build-windows-amd64-cygwin\jdk8u111\7883\hotspot\src\share\vm\classfile\systemDictionary.cpp, line 210]
Event: 0.302 Thread 0x00000000024b0800 Exception <a 'java/lang/ClassNotFoundException': javax/swing/JTreeCell> (0x00000000ed161718) thrown at [C:\re\workspace\8-2-build-windows-amd64-cygwin\jdk8u111\7883\hotspot\src\share\vm\classfile\systemDictionary.cpp, line 210]
Event: 0.302 Thread 0x00000000024b0800 Exception <a 'java/lang/ClassNotFoundException': TreeCell> (0x00000000ed161ba0) thrown at [C:\re\workspace\8-2-build-windows-amd64-cygwin\jdk8u111\7883\hotspot\src\share\vm\classfile\systemDictionary.cpp, line 210]
Event: 0.302 Thread 0x00000000024b0800 Exception <a 'java/lang/ClassNotFoundException': RootPane> (0x00000000ed162600) thrown at [C:\re\workspace\8-2-build-windows-amd64-cygwin\jdk8u111\7883\hotspot\src\share\vm\classfile\systemDictionary.cpp, line 210]

Events (10 events):
Event: 11.502 Thread 0x00000000165f8000 DEOPT PACKING pc=0x0000000002aa5c14 sp=0x0000000016c3e1f0
Event: 11.502 Thread 0x00000000165f8000 DEOPT UNPACKING pc=0x00000000025f582a sp=0x0000000016c3e170 mode 2
Event: 11.512 Executing VM operation: ParallelGCFailedAllocation
Event: 11.522 Executing VM operation: ParallelGCFailedAllocation done
Event: 11.674 Thread 0x00000000174c0000 DEOPT PACKING pc=0x0000000002b4be6e sp=0x000000001a20efe0
Event: 11.674 Thread 0x00000000174c0000 DEOPT UNPACKING pc=0x00000000025f787f sp=0x000000001a20ede8 mode 0
Event: 11.686 Executing VM operation: ParallelGCFailedAllocation
Event: 11.690 Executing VM operation: ParallelGCFailedAllocation done
Event: 11.829 Executing VM operation: ParallelGCFailedAllocation
Event: 11.833 Executing VM operation: ParallelGCFailedAllocation done


Dynamic libraries:
0x00007ff783480000 - 0x00007ff7834b7000 	C:\Program Files\Java\jdk1.8.0_111\bin\java.exe
0x00007ffe88ab0000 - 0x00007ffe88ca8000 	C:\WINDOWS\SYSTEM32\ntdll.dll
0x00007ffe88910000 - 0x00007ffe889cd000 	C:\WINDOWS\System32\KERNEL32.DLL
0x00007ffe86680000 - 0x00007ffe86976000 	C:\WINDOWS\System32\KERNELBASE.dll
0x00007ffe87aa0000 - 0x00007ffe87b50000 	C:\WINDOWS\System32\ADVAPI32.dll
0x00007ffe88600000 - 0x00007ffe8869e000 	C:\WINDOWS\System32\msvcrt.dll
0x00007ffe86ae0000 - 0x00007ffe86b80000 	C:\WINDOWS\System32\sechost.dll
0x00007ffe86b80000 - 0x00007ffe86ca3000 	C:\WINDOWS\System32\RPCRT4.dll
0x00007ffe861b0000 - 0x00007ffe861d7000 	C:\WINDOWS\System32\bcrypt.dll
0x00007ffe87e50000 - 0x00007ffe87fef000 	C:\WINDOWS\System32\USER32.dll
0x00007ffe86400000 - 0x00007ffe86422000 	C:\WINDOWS\System32\win32u.dll
0x00007ffe86cb0000 - 0x00007ffe86cdb000 	C:\WINDOWS\System32\GDI32.dll
0x00007ffe864c0000 - 0x00007ffe865d7000 	C:\WINDOWS\System32\gdi32full.dll
0x00007ffe865e0000 - 0x00007ffe8667d000 	C:\WINDOWS\System32\msvcp_win.dll
0x00007ffe86300000 - 0x00007ffe86400000 	C:\WINDOWS\System32\ucrtbase.dll
0x00007ffe76220000 - 0x00007ffe764ba000 	C:\WINDOWS\WinSxS\amd64_microsoft.windows.common-controls_6595b64144ccf1df_6.0.19041.3636_none_60b6a03d71f818d5\COMCTL32.dll
0x00007ffe885c0000 - 0x00007ffe885f2000 	C:\WINDOWS\System32\IMM32.DLL
0x000000005c430000 - 0x000000005c502000 	C:\Program Files\Java\jdk1.8.0_111\jre\bin\msvcr100.dll
0x000000005c510000 - 0x000000005cdaa000 	C:\Program Files\Java\jdk1.8.0_111\jre\bin\server\jvm.dll
0x00007ffe88780000 - 0x00007ffe88788000 	C:\WINDOWS\System32\PSAPI.DLL
0x00007ffe76210000 - 0x00007ffe7621a000 	C:\WINDOWS\SYSTEM32\VERSION.dll
0x00007ffe819f0000 - 0x00007ffe819f9000 	C:\WINDOWS\SYSTEM32\WSOCK32.dll
0x00007ffe7d9e0000 - 0x00007ffe7da07000 	C:\WINDOWS\SYSTEM32\WINMM.dll
0x00007ffe88120000 - 0x00007ffe8818b000 	C:\WINDOWS\System32\WS2_32.dll
0x000000005c3e0000 - 0x000000005c3ef000 	C:\Program Files\Java\jdk1.8.0_111\jre\bin\verify.dll
0x000000005c3b0000 - 0x000000005c3d9000 	C:\Program Files\Java\jdk1.8.0_111\jre\bin\java.dll
0x000000005c390000 - 0x000000005c3a6000 	C:\Program Files\Java\jdk1.8.0_111\jre\bin\zip.dll
0x00007ffe86ce0000 - 0x00007ffe8744b000 	C:\WINDOWS\System32\SHELL32.dll
0x00007ffe841f0000 - 0x00007ffe8498e000 	C:\WINDOWS\SYSTEM32\windows.storage.dll
0x00007ffe88200000 - 0x00007ffe88553000 	C:\WINDOWS\System32\combase.dll
0x00007ffe85b90000 - 0x00007ffe85bbe000 	C:\WINDOWS\SYSTEM32\Wldp.dll
0x00007ffe88050000 - 0x00007ffe8811d000 	C:\WINDOWS\System32\OLEAUT32.dll
0x00007ffe87940000 - 0x00007ffe879ed000 	C:\WINDOWS\System32\SHCORE.dll
0x00007ffe88790000 - 0x00007ffe887e5000 	C:\WINDOWS\System32\shlwapi.dll
0x00007ffe86090000 - 0x00007ffe860b3000 	C:\WINDOWS\SYSTEM32\profapi.dll
0x000000005c1b0000 - 0x000000005c348000 	C:\Program Files\Java\jdk1.8.0_111\jre\bin\awt.dll
0x00007ffe837d0000 - 0x00007ffe83860000 	C:\WINDOWS\SYSTEM32\apphelp.dll
0x00007ffe83970000 - 0x00007ffe83a0e000 	C:\WINDOWS\system32\uxtheme.dll
0x00007ffe887f0000 - 0x00007ffe88905000 	C:\WINDOWS\System32\MSCTF.dll
0x00007ffe87d20000 - 0x00007ffe87e4b000 	C:\WINDOWS\System32\ole32.dll
0x00007ffe84060000 - 0x00007ffe84072000 	C:\WINDOWS\SYSTEM32\kernel.appcore.dll
0x00007ffe86430000 - 0x00007ffe864b2000 	C:\WINDOWS\System32\bcryptPrimitives.dll
0x00007ffe83b50000 - 0x00007ffe83b7f000 	C:\WINDOWS\system32\DWMAPI.DLL
0x000000005c160000 - 0x000000005c1a7000 	C:\Program Files\Java\jdk1.8.0_111\jre\bin\fontmanager.dll
0x000000005c370000 - 0x000000005c38a000 	C:\Program Files\Java\jdk1.8.0_111\jre\bin\net.dll
0x00007ffe858f0000 - 0x00007ffe8595a000 	C:\WINDOWS\system32\mswsock.dll
0x000000005c350000 - 0x000000005c361000 	C:\Program Files\Java\jdk1.8.0_111\jre\bin\nio.dll
0x000000005c110000 - 0x000000005c152000 	C:\Program Files\Java\jdk1.8.0_111\jre\bin\t2k.dll
0x00007ffe879f0000 - 0x00007ffe87a99000 	C:\WINDOWS\System32\clbcatq.dll
0x00007ffe7f3e0000 - 0x00007ffe7f594000 	C:\WINDOWS\SYSTEM32\WindowsCodecs.dll
0x00007ffe7a3c0000 - 0x00007ffe7a3fe000 	C:\WINDOWS\system32\dataexchange.dll
0x00007ffe82bc0000 - 0x00007ffe82da5000 	C:\WINDOWS\system32\dcomp.dll
0x00007ffe81c70000 - 0x00007ffe81ed3000 	C:\WINDOWS\system32\d3d11.dll
0x00007ffe849f0000 - 0x00007ffe84ae3000 	C:\WINDOWS\system32\dxgi.dll
0x00007ffe7f900000 - 0x00007ffe7fb03000 	C:\WINDOWS\system32\twinapi.appcore.dll
0x00007ffe7b0a0000 - 0x00007ffe7b199000 	C:\WINDOWS\SYSTEM32\textinputframework.dll
0x00007ffe83130000 - 0x00007ffe8348b000 	C:\WINDOWS\System32\CoreUIComponents.dll
0x00007ffe83490000 - 0x00007ffe83582000 	C:\WINDOWS\System32\CoreMessaging.dll
0x00007ffe852c0000 - 0x00007ffe852f3000 	C:\WINDOWS\SYSTEM32\ntmarta.dll
0x00007ffe82a50000 - 0x00007ffe82ba7000 	C:\WINDOWS\SYSTEM32\wintypes.dll
0x000000005c0d0000 - 0x000000005c0fa000 	C:\Program Files\Java\jdk1.8.0_111\jre\bin\dcpr.dll
0x00007ffe855c0000 - 0x00007ffe8568b000 	C:\WINDOWS\SYSTEM32\DNSAPI.dll
0x00007ffe85580000 - 0x00007ffe855bb000 	C:\WINDOWS\SYSTEM32\IPHLPAPI.DLL
0x00007ffe88a60000 - 0x00007ffe88a68000 	C:\WINDOWS\System32\NSI.dll
0x00007ffe81320000 - 0x00007ffe8132a000 	C:\Windows\System32\rasadhlp.dll
0x00007ffe790f0000 - 0x00007ffe79170000 	C:\WINDOWS\System32\fwpuclnt.dll

VM Arguments:
jvm_args: -Dfile.encoding=UTF-8 
java_command: clinicapptts.LoginForm
java_class_path (initial): C:\Program Files\NetBeans 8.2\java\modules\ext\AbsoluteLayout.jar;C:\Program Files\NetBeans 8.2\ide\modules\ext\mysql-connector-java-5.1.23-bin.jar;D:\nards\CLONE APP\ClinicApptTS\src\externaljars\rs2xml.jar;D:\nards\lib\jcalendar-1.4.jar;D:\nards\CLONE APP\ClinicApptTS\build\classes
Launcher Type: SUN_STANDARD

Environment Variables:
PATH=C:\ProgramData\Oracle\Java\javapath;C:\WINDOWS\system32;C:\WINDOWS;C:\WINDOWS\System32\Wbem;C:\WINDOWS\System32\WindowsPowerShell\v1.0\;C:\WINDOWS\System32\OpenSSH\;C:\Program Files\Git\cmd;C:\Users\once\AppData\Local\Microsoft\WindowsApps;C:\Users\once\AppData\Local\Programs\Microsoft VS Code\bin
USERNAME=once
OS=Windows_NT
PROCESSOR_IDENTIFIER=Intel64 Family 6 Model 42 Stepping 7, GenuineIntel



---------------  S Y S T E M  ---------------

OS: Windows 10.0 , 64 bit Build 19041 (10.0.19041.3636)

CPU:total 4 (2 cores per cpu, 2 threads per core) family 6 model 42 stepping 7, cmov, cx8, fxsr, mmx, sse, sse2, sse3, ssse3, sse4.1, sse4.2, popcnt, avx, aes, clmul, ht, tsc, tscinvbit

Memory: 4k page, physical 3757944k(422496k free), swap 10944488k(5156k free)

vm_info: Java HotSpot(TM) 64-Bit Server VM (25.111-b14) for windows-amd64 JRE (1.8.0_111-b14), built on Sep 22 2016 19:24:05 by "java_re" with MS VC++ 10.0 (VS2010)

time: Wed May 15 14:38:48 2024
elapsed time: 11 seconds (0d 0h 0m 11s)

